1901416976
1901803152
1905060752
1909832720
1910062608
1913272976
1920521232
1921047952
1921319184
1937146000
1945049360
1945184528
1945243664
1945304592
1945306256
1945307408
1947472528
1948828816
1957057680
1957197328
1980172560
1980334224
1988500880
1988614928
1988617488
1988761360
1999196048
2003477904
2008280720
2008472208
2012122896
2023216528
2023218448
2023219216
2043169552
2043470992
2043471504
2064583696
2064591760
2064605456
2064919184
2065050512
2065050896
2085831312
2090223760
2103091088
2173618192
2183877136
2364408848
2368491920
2956702480
2963642512
2972014864
2972450960
2991170960
2991617424
2991650320
2994477200
2994851088
2997249296
2997394704
2997455504
2998278160
2999310352
3019245584
3019373200
3019373328
3021836560
3022248720
3034432016
3045910928
3045945872
3046140560
3046142096
3065569168
3085120656
3087461904
9210036747211721102
9221858342798983438
